CRITICAL - 2022-12-24 09:22:20 --> include(config.php): failed to open stream: No such file or directory
in APPPATH\Views\login.php on line 3.
 1 APPPATH\Views\login.php(3): CodeIgniter\Debug\Exceptions->errorHandler(2, 'include(config.php): failed to open stream: No such file or directory', 'APPPATH\\Views\\login.php', 3, [...])
 2 APPPATH\Views\login.php(3): include()
 3 SYSTEMPATH\View\View.php(213): include('APPPATH\\Views\\login.php')
 4 SYSTEMPATH\View\View.php(216): CodeIgniter\View\View->CodeIgniter\View\{closure}()
 5 SYSTEMPATH\Common.php(1134): CodeIgniter\View\View->render('login', [], true)
 6 APPPATH\Controllers\Home.php(15): view('login', [...])
 7 SYSTEMPATH\CodeIgniter.php(927): App\Controllers\Home->index()
 8 SYSTEMPATH\CodeIgniter.php(482): CodeIgniter\CodeIgniter->runController(Object(App\Controllers\Home))
 9 SYSTEMPATH\CodeIgniter.php(351): CodeIgniter\CodeIgniter->handleRequest(null, Object(Config\Cache), false)
10 FCPATH\index.php(67): CodeIgniter\CodeIgniter->run()
CRITICAL - 2022-12-24 09:22:23 --> include(config.php): failed to open stream: No such file or directory
in APPPATH\Views\login.php on line 3.
 1 APPPATH\Views\login.php(3): CodeIgniter\Debug\Exceptions->errorHandler(2, 'include(config.php): failed to open stream: No such file or directory', 'APPPATH\\Views\\login.php', 3, [...])
 2 APPPATH\Views\login.php(3): include()
 3 SYSTEMPATH\View\View.php(213): include('APPPATH\\Views\\login.php')
 4 SYSTEMPATH\View\View.php(216): CodeIgniter\View\View->CodeIgniter\View\{closure}()
 5 SYSTEMPATH\Common.php(1134): CodeIgniter\View\View->render('login', [], true)
 6 APPPATH\Controllers\Home.php(15): view('login', [...])
 7 SYSTEMPATH\CodeIgniter.php(927): App\Controllers\Home->index()
 8 SYSTEMPATH\CodeIgniter.php(482): CodeIgniter\CodeIgniter->runController(Object(App\Controllers\Home))
 9 SYSTEMPATH\CodeIgniter.php(351): CodeIgniter\CodeIgniter->handleRequest(null, Object(Config\Cache), false)
10 FCPATH\index.php(67): CodeIgniter\CodeIgniter->run()
