CRITICAL - 2022-12-26 00:53:07 --> file_get_contents(http://localhost/Demografi/grafik_kleurahan/grafik_kelurahan_json): failed to open stream: HTTP request failed! HTTP/1.0 404 Not Found

in APPPATH\Views\grafik_kelurahan.php on line 122.
 1 [internal function]: CodeIgniter\Debug\Exceptions->errorHandler(2, 'file_get_contents(http://localhost/Demografi/grafik_kleurahan/grafik_kelurahan_json): failed to open stream: HTTP request failed! HTTP/1.0 404 Not Found
', 'APPPATH\\Views\\grafik_kelurahan.php', 122, [...])
 2 APPPATH\Views\grafik_kelurahan.php(122): file_get_contents('http://localhost/Demografi/grafik_kleurahan/grafik_kelurahan_json')
 3 SYSTEMPATH\View\View.php(213): include('APPPATH\\Views\\grafik_kelurahan.php')
 4 SYSTEMPATH\View\View.php(216): CodeIgniter\View\View->CodeIgniter\View\{closure}()
 5 SYSTEMPATH\Common.php(1134): CodeIgniter\View\View->render('grafik_kelurahan', [], true)
 6 APPPATH\Controllers\Grafik_kelurahan.php(15): view('grafik_kelurahan', [...])
 7 SYSTEMPATH\CodeIgniter.php(927): App\Controllers\Grafik_kelurahan->index()
 8 SYSTEMPATH\CodeIgniter.php(482): CodeIgniter\CodeIgniter->runController(Object(App\Controllers\Grafik_kelurahan))
 9 SYSTEMPATH\CodeIgniter.php(351): CodeIgniter\CodeIgniter->handleRequest(null, Object(Config\Cache), false)
10 FCPATH\index.php(67): CodeIgniter\CodeIgniter->run()
CRITICAL - 2022-12-26 00:53:19 --> file_get_contents(http://localhost/Demografi/grafik_kleurahan/grafik_kelurahan_json): failed to open stream: HTTP request failed! HTTP/1.0 404 Not Found

in APPPATH\Views\grafik_kelurahan.php on line 122.
 1 [internal function]: CodeIgniter\Debug\Exceptions->errorHandler(2, 'file_get_contents(http://localhost/Demografi/grafik_kleurahan/grafik_kelurahan_json): failed to open stream: HTTP request failed! HTTP/1.0 404 Not Found
', 'APPPATH\\Views\\grafik_kelurahan.php', 122, [...])
 2 APPPATH\Views\grafik_kelurahan.php(122): file_get_contents('http://localhost/Demografi/grafik_kleurahan/grafik_kelurahan_json')
 3 SYSTEMPATH\View\View.php(213): include('APPPATH\\Views\\grafik_kelurahan.php')
 4 SYSTEMPATH\View\View.php(216): CodeIgniter\View\View->CodeIgniter\View\{closure}()
 5 SYSTEMPATH\Common.php(1134): CodeIgniter\View\View->render('grafik_kelurahan', [], true)
 6 APPPATH\Controllers\Grafik_kelurahan.php(15): view('grafik_kelurahan', [...])
 7 SYSTEMPATH\CodeIgniter.php(927): App\Controllers\Grafik_kelurahan->index()
 8 SYSTEMPATH\CodeIgniter.php(482): CodeIgniter\CodeIgniter->runController(Object(App\Controllers\Grafik_kelurahan))
 9 SYSTEMPATH\CodeIgniter.php(351): CodeIgniter\CodeIgniter->handleRequest(null, Object(Config\Cache), false)
10 FCPATH\index.php(67): CodeIgniter\CodeIgniter->run()
CRITICAL - 2022-12-26 00:54:43 --> file_get_contents(http://localhost/Demografi/grafik_kleurahan/grafik_kelurahan_json): failed to open stream: HTTP request failed! HTTP/1.0 404 Not Found

in APPPATH\Views\grafik_kelurahan.php on line 131.
 1 [internal function]: CodeIgniter\Debug\Exceptions->errorHandler(2, 'file_get_contents(http://localhost/Demografi/grafik_kleurahan/grafik_kelurahan_json): failed to open stream: HTTP request failed! HTTP/1.0 404 Not Found
', 'APPPATH\\Views\\grafik_kelurahan.php', 131, [...])
 2 APPPATH\Views\grafik_kelurahan.php(131): file_get_contents('http://localhost/Demografi/grafik_kleurahan/grafik_kelurahan_json')
 3 SYSTEMPATH\View\View.php(213): include('APPPATH\\Views\\grafik_kelurahan.php')
 4 SYSTEMPATH\View\View.php(216): CodeIgniter\View\View->CodeIgniter\View\{closure}()
 5 SYSTEMPATH\Common.php(1134): CodeIgniter\View\View->render('grafik_kelurahan', [], true)
 6 APPPATH\Controllers\Grafik_kelurahan.php(15): view('grafik_kelurahan', [...])
 7 SYSTEMPATH\CodeIgniter.php(927): App\Controllers\Grafik_kelurahan->index()
 8 SYSTEMPATH\CodeIgniter.php(482): CodeIgniter\CodeIgniter->runController(Object(App\Controllers\Grafik_kelurahan))
 9 SYSTEMPATH\CodeIgniter.php(351): CodeIgniter\CodeIgniter->handleRequest(null, Object(Config\Cache), false)
10 FCPATH\index.php(67): CodeIgniter\CodeIgniter->run()
CRITICAL - 2022-12-26 00:55:08 --> file_get_contents(http://localhost/Demografi/grafik_kleurahan/grafik_kelurahan_json): failed to open stream: HTTP request failed! HTTP/1.0 404 Not Found

in APPPATH\Views\grafik_kelurahan.php on line 53.
 1 [internal function]: CodeIgniter\Debug\Exceptions->errorHandler(2, 'file_get_contents(http://localhost/Demografi/grafik_kleurahan/grafik_kelurahan_json): failed to open stream: HTTP request failed! HTTP/1.0 404 Not Found
', 'APPPATH\\Views\\grafik_kelurahan.php', 53, [...])
 2 APPPATH\Views\grafik_kelurahan.php(53): file_get_contents('http://localhost/Demografi/grafik_kleurahan/grafik_kelurahan_json')
 3 SYSTEMPATH\View\View.php(213): include('APPPATH\\Views\\grafik_kelurahan.php')
 4 SYSTEMPATH\View\View.php(216): CodeIgniter\View\View->CodeIgniter\View\{closure}()
 5 SYSTEMPATH\Common.php(1134): CodeIgniter\View\View->render('grafik_kelurahan', [], true)
 6 APPPATH\Controllers\Grafik_kelurahan.php(15): view('grafik_kelurahan', [...])
 7 SYSTEMPATH\CodeIgniter.php(927): App\Controllers\Grafik_kelurahan->index()
 8 SYSTEMPATH\CodeIgniter.php(482): CodeIgniter\CodeIgniter->runController(Object(App\Controllers\Grafik_kelurahan))
 9 SYSTEMPATH\CodeIgniter.php(351): CodeIgniter\CodeIgniter->handleRequest(null, Object(Config\Cache), false)
10 FCPATH\index.php(67): CodeIgniter\CodeIgniter->run()
CRITICAL - 2022-12-26 00:55:41 --> file_get_contents(http://localhost/Demografi/grafik_kleurahan/grafik_kelurahan_json): failed to open stream: HTTP request failed! HTTP/1.0 404 Not Found

in APPPATH\Views\grafik_kelurahan.php on line 53.
 1 [internal function]: CodeIgniter\Debug\Exceptions->errorHandler(2, 'file_get_contents(http://localhost/Demografi/grafik_kleurahan/grafik_kelurahan_json): failed to open stream: HTTP request failed! HTTP/1.0 404 Not Found
', 'APPPATH\\Views\\grafik_kelurahan.php', 53, [...])
 2 APPPATH\Views\grafik_kelurahan.php(53): file_get_contents('http://localhost/Demografi/grafik_kleurahan/grafik_kelurahan_json')
 3 SYSTEMPATH\View\View.php(213): include('APPPATH\\Views\\grafik_kelurahan.php')
 4 SYSTEMPATH\View\View.php(216): CodeIgniter\View\View->CodeIgniter\View\{closure}()
 5 SYSTEMPATH\Common.php(1134): CodeIgniter\View\View->render('grafik_kelurahan', [], true)
 6 APPPATH\Controllers\Grafik_kelurahan.php(15): view('grafik_kelurahan', [...])
 7 SYSTEMPATH\CodeIgniter.php(927): App\Controllers\Grafik_kelurahan->index()
 8 SYSTEMPATH\CodeIgniter.php(482): CodeIgniter\CodeIgniter->runController(Object(App\Controllers\Grafik_kelurahan))
 9 SYSTEMPATH\CodeIgniter.php(351): CodeIgniter\CodeIgniter->handleRequest(null, Object(Config\Cache), false)
10 FCPATH\index.php(67): CodeIgniter\CodeIgniter->run()
