CRITICAL - 2023-01-20 03:24:12 --> include(connect.php): failed to open stream: No such file or directory
in APPPATH\Views\grafik_agama_1.php on line 36.
 1 APPPATH\Views\grafik_agama_1.php(36): CodeIgniter\Debug\Exceptions->errorHandler(2, 'include(connect.php): failed to open stream: No such file or directory', 'APPPATH\\Views\\grafik_agama_1.php', 36, [...])
 2 APPPATH\Views\grafik_agama_1.php(36): include()
 3 SYSTEMPATH\View\View.php(213): include('APPPATH\\Views\\grafik_agama_1.php')
 4 SYSTEMPATH\View\View.php(216): CodeIgniter\View\View->CodeIgniter\View\{closure}()
 5 SYSTEMPATH\Common.php(1134): CodeIgniter\View\View->render('grafik_agama_1', [], true)
 6 APPPATH\Controllers\Grafik_agama_1.php(15): view('grafik_agama_1', [...])
 7 SYSTEMPATH\CodeIgniter.php(927): App\Controllers\Grafik_agama_1->index()
 8 SYSTEMPATH\CodeIgniter.php(482): CodeIgniter\CodeIgniter->runController(Object(App\Controllers\Grafik_agama_1))
 9 SYSTEMPATH\CodeIgniter.php(351): CodeIgniter\CodeIgniter->handleRequest(null, Object(Config\Cache), false)
10 FCPATH\index.php(67): CodeIgniter\CodeIgniter->run()
CRITICAL - 2023-01-20 03:26:17 --> include(connect.php): failed to open stream: No such file or directory
in APPPATH\Views\grafik_agama_1.php on line 36.
 1 APPPATH\Views\grafik_agama_1.php(36): CodeIgniter\Debug\Exceptions->errorHandler(2, 'include(connect.php): failed to open stream: No such file or directory', 'APPPATH\\Views\\grafik_agama_1.php', 36, [...])
 2 APPPATH\Views\grafik_agama_1.php(36): include()
 3 SYSTEMPATH\View\View.php(213): include('APPPATH\\Views\\grafik_agama_1.php')
 4 SYSTEMPATH\View\View.php(216): CodeIgniter\View\View->CodeIgniter\View\{closure}()
 5 SYSTEMPATH\Common.php(1134): CodeIgniter\View\View->render('grafik_agama_1', [], true)
 6 APPPATH\Controllers\Grafik_agama_1.php(15): view('grafik_agama_1', [...])
 7 SYSTEMPATH\CodeIgniter.php(927): App\Controllers\Grafik_agama_1->index()
 8 SYSTEMPATH\CodeIgniter.php(482): CodeIgniter\CodeIgniter->runController(Object(App\Controllers\Grafik_agama_1))
 9 SYSTEMPATH\CodeIgniter.php(351): CodeIgniter\CodeIgniter->handleRequest(null, Object(Config\Cache), false)
10 FCPATH\index.php(67): CodeIgniter\CodeIgniter->run()
CRITICAL - 2023-01-20 03:26:19 --> include(connect.php): failed to open stream: No such file or directory
in APPPATH\Views\grafik_agama_1.php on line 36.
 1 APPPATH\Views\grafik_agama_1.php(36): CodeIgniter\Debug\Exceptions->errorHandler(2, 'include(connect.php): failed to open stream: No such file or directory', 'APPPATH\\Views\\grafik_agama_1.php', 36, [...])
 2 APPPATH\Views\grafik_agama_1.php(36): include()
 3 SYSTEMPATH\View\View.php(213): include('APPPATH\\Views\\grafik_agama_1.php')
 4 SYSTEMPATH\View\View.php(216): CodeIgniter\View\View->CodeIgniter\View\{closure}()
 5 SYSTEMPATH\Common.php(1134): CodeIgniter\View\View->render('grafik_agama_1', [], true)
 6 APPPATH\Controllers\Grafik_agama_1.php(15): view('grafik_agama_1', [...])
 7 SYSTEMPATH\CodeIgniter.php(927): App\Controllers\Grafik_agama_1->index()
 8 SYSTEMPATH\CodeIgniter.php(482): CodeIgniter\CodeIgniter->runController(Object(App\Controllers\Grafik_agama_1))
 9 SYSTEMPATH\CodeIgniter.php(351): CodeIgniter\CodeIgniter->handleRequest(null, Object(Config\Cache), false)
10 FCPATH\index.php(67): CodeIgniter\CodeIgniter->run()
CRITICAL - 2023-01-20 03:49:00 --> include(connect.php): failed to open stream: No such file or directory
in APPPATH\Views\grafik_angkatan_1.php on line 67.
 1 APPPATH\Views\grafik_angkatan_1.php(67): CodeIgniter\Debug\Exceptions->errorHandler(2, 'include(connect.php): failed to open stream: No such file or directory', 'APPPATH\\Views\\grafik_angkatan_1.php', 67, [...])
 2 APPPATH\Views\grafik_angkatan_1.php(67): include()
 3 SYSTEMPATH\View\View.php(213): include('APPPATH\\Views\\grafik_angkatan_1.php')
 4 SYSTEMPATH\View\View.php(216): CodeIgniter\View\View->CodeIgniter\View\{closure}()
 5 SYSTEMPATH\Common.php(1134): CodeIgniter\View\View->render('grafik_angkatan_1', [], true)
 6 APPPATH\Controllers\Grafik_angkatan_1.php(15): view('grafik_angkatan_1', [...])
 7 SYSTEMPATH\CodeIgniter.php(927): App\Controllers\Grafik_angkatan_1->index()
 8 SYSTEMPATH\CodeIgniter.php(482): CodeIgniter\CodeIgniter->runController(Object(App\Controllers\Grafik_angkatan_1))
 9 SYSTEMPATH\CodeIgniter.php(351): CodeIgniter\CodeIgniter->handleRequest(null, Object(Config\Cache), false)
10 FCPATH\index.php(67): CodeIgniter\CodeIgniter->run()
CRITICAL - 2023-01-20 03:49:12 --> include(connect.php): failed to open stream: No such file or directory
in APPPATH\Views\grafik_angkatan_1.php on line 67.
 1 APPPATH\Views\grafik_angkatan_1.php(67): CodeIgniter\Debug\Exceptions->errorHandler(2, 'include(connect.php): failed to open stream: No such file or directory', 'APPPATH\\Views\\grafik_angkatan_1.php', 67, [...])
 2 APPPATH\Views\grafik_angkatan_1.php(67): include()
 3 SYSTEMPATH\View\View.php(213): include('APPPATH\\Views\\grafik_angkatan_1.php')
 4 SYSTEMPATH\View\View.php(216): CodeIgniter\View\View->CodeIgniter\View\{closure}()
 5 SYSTEMPATH\Common.php(1134): CodeIgniter\View\View->render('grafik_angkatan_1', [], true)
 6 APPPATH\Controllers\Grafik_angkatan_1.php(15): view('grafik_angkatan_1', [...])
 7 SYSTEMPATH\CodeIgniter.php(927): App\Controllers\Grafik_angkatan_1->index()
 8 SYSTEMPATH\CodeIgniter.php(482): CodeIgniter\CodeIgniter->runController(Object(App\Controllers\Grafik_angkatan_1))
 9 SYSTEMPATH\CodeIgniter.php(351): CodeIgniter\CodeIgniter->handleRequest(null, Object(Config\Cache), false)
10 FCPATH\index.php(67): CodeIgniter\CodeIgniter->run()
