CRITICAL - 2023-01-03 00:00:29 --> Invalid argument supplied for foreach()
in APPPATH\Views\mahasiswa_edit.php on line 20.
 1 APPPATH\Views\mahasiswa_edit.php(20): CodeIgniter\Debug\Exceptions->errorHandler(2, 'Invalid argument supplied for foreach()', 'APPPATH\\Views\\mahasiswa_edit.php', 20, [...])
 2 SYSTEMPATH\View\View.php(213): include('APPPATH\\Views\\mahasiswa_edit.php')
 3 SYSTEMPATH\View\View.php(216): CodeIgniter\View\View->CodeIgniter\View\{closure}()
 4 SYSTEMPATH\Common.php(1134): CodeIgniter\View\View->render('mahasiswa_edit', [], true)
 5 APPPATH\Controllers\Mahasiswa.php(105): view('mahasiswa_edit', [...])
 6 SYSTEMPATH\CodeIgniter.php(927): App\Controllers\Mahasiswa->edit('111')
 7 SYSTEMPATH\CodeIgniter.php(482): CodeIgniter\CodeIgniter->runController(Object(App\Controllers\Mahasiswa))
 8 SYSTEMPATH\CodeIgniter.php(351): CodeIgniter\CodeIgniter->handleRequest(null, Object(Config\Cache), false)
 9 FCPATH\index.php(67): CodeIgniter\CodeIgniter->run()
CRITICAL - 2023-01-03 00:01:18 --> Invalid argument supplied for foreach()
in APPPATH\Views\mahasiswa_edit.php on line 20.
 1 APPPATH\Views\mahasiswa_edit.php(20): CodeIgniter\Debug\Exceptions->errorHandler(2, 'Invalid argument supplied for foreach()', 'APPPATH\\Views\\mahasiswa_edit.php', 20, [...])
 2 SYSTEMPATH\View\View.php(213): include('APPPATH\\Views\\mahasiswa_edit.php')
 3 SYSTEMPATH\View\View.php(216): CodeIgniter\View\View->CodeIgniter\View\{closure}()
 4 SYSTEMPATH\Common.php(1134): CodeIgniter\View\View->render('mahasiswa_edit', [], true)
 5 APPPATH\Controllers\Mahasiswa.php(105): view('mahasiswa_edit', [...])
 6 SYSTEMPATH\CodeIgniter.php(927): App\Controllers\Mahasiswa->edit('111')
 7 SYSTEMPATH\CodeIgniter.php(482): CodeIgniter\CodeIgniter->runController(Object(App\Controllers\Mahasiswa))
 8 SYSTEMPATH\CodeIgniter.php(351): CodeIgniter\CodeIgniter->handleRequest(null, Object(Config\Cache), false)
 9 FCPATH\index.php(67): CodeIgniter\CodeIgniter->run()
ERROR - 2023-01-03 00:02:27 --> mysqli_sql_exception: You have an error in your SQL syntax; check the manual that corresponds to your MariaDB server version for the right syntax to use near 'on.angkatan = e.id' at line 7 in C:\xampp\pem.web\htdocs\Event\vendor\codeigniter4\framework\system\Database\MySQLi\Connection.php:292
Stack trace:
#0 C:\xampp\pem.web\htdocs\Event\vendor\codeigniter4\framework\system\Database\MySQLi\Connection.php(292): mysqli->query('select a.nim,a....', 0)
#1 C:\xampp\pem.web\htdocs\Event\vendor\codeigniter4\framework\system\Database\BaseConnection.php(666): CodeIgniter\Database\MySQLi\Connection->execute('select a.nim,a....')
#2 C:\xampp\pem.web\htdocs\Event\vendor\codeigniter4\framework\system\Database\BaseConnection.php(593): CodeIgniter\Database\BaseConnection->simpleQuery('select a.nim,a....')
#3 C:\xampp\pem.web\htdocs\Event\app\Models\Mahasiswa_model.php(13): CodeIgniter\Database\BaseConnection->query('select a.nim,a....')
#4 C:\xampp\pem.web\htdocs\Event\app\Controllers\Mahasiswa.php(20): App\Models\Mahasiswa_model->data_mahasiswa_json()
#5 C:\xampp\pem.web\htdocs\Event\vendor\codeigniter4\framework\system\CodeIgniter.php(927): App\Controllers\Mahasiswa->data_mahasiswa_json()
#6 C:\xampp\pem.web\htdocs\Event\vendor\codeigniter4\framework\system\CodeIgniter.php(482): CodeIgniter\CodeIgniter->runController(Object(App\Controllers\Mahasiswa))
#7 C:\xampp\pem.web\htdocs\Event\vendor\codeigniter4\framework\system\CodeIgniter.php(351): CodeIgniter\CodeIgniter->handleRequest(NULL, Object(Config\Cache), false)
#8 C:\xampp\pem.web\htdocs\Event\index.php(67): CodeIgniter\CodeIgniter->run()
#9 {main}
CRITICAL - 2023-01-03 00:02:27 --> Call to a member function getResult() on bool
in APPPATH\Models\Mahasiswa_model.php on line 20.
 1 APPPATH\Controllers\Mahasiswa.php(20): App\Models\Mahasiswa_model->data_mahasiswa_json()
 2 SYSTEMPATH\CodeIgniter.php(927): App\Controllers\Mahasiswa->data_mahasiswa_json()
 3 SYSTEMPATH\CodeIgniter.php(482): CodeIgniter\CodeIgniter->runController(Object(App\Controllers\Mahasiswa))
 4 SYSTEMPATH\CodeIgniter.php(351): CodeIgniter\CodeIgniter->handleRequest(null, Object(Config\Cache), false)
 5 FCPATH\index.php(67): CodeIgniter\CodeIgniter->run()
ERROR - 2023-01-03 00:04:21 --> mysqli_sql_exception: You have an error in your SQL syntax; check the manual that corresponds to your MariaDB server version for the right syntax to use near 'on.angkatan = e.id' at line 7 in C:\xampp\pem.web\htdocs\Event\vendor\codeigniter4\framework\system\Database\MySQLi\Connection.php:292
Stack trace:
#0 C:\xampp\pem.web\htdocs\Event\vendor\codeigniter4\framework\system\Database\MySQLi\Connection.php(292): mysqli->query('select a.nim,a....', 0)
#1 C:\xampp\pem.web\htdocs\Event\vendor\codeigniter4\framework\system\Database\BaseConnection.php(666): CodeIgniter\Database\MySQLi\Connection->execute('select a.nim,a....')
#2 C:\xampp\pem.web\htdocs\Event\vendor\codeigniter4\framework\system\Database\BaseConnection.php(593): CodeIgniter\Database\BaseConnection->simpleQuery('select a.nim,a....')
#3 C:\xampp\pem.web\htdocs\Event\app\Models\Mahasiswa_model.php(13): CodeIgniter\Database\BaseConnection->query('select a.nim,a....')
#4 C:\xampp\pem.web\htdocs\Event\app\Controllers\Mahasiswa.php(20): App\Models\Mahasiswa_model->data_mahasiswa_json()
#5 C:\xampp\pem.web\htdocs\Event\vendor\codeigniter4\framework\system\CodeIgniter.php(927): App\Controllers\Mahasiswa->data_mahasiswa_json()
#6 C:\xampp\pem.web\htdocs\Event\vendor\codeigniter4\framework\system\CodeIgniter.php(482): CodeIgniter\CodeIgniter->runController(Object(App\Controllers\Mahasiswa))
#7 C:\xampp\pem.web\htdocs\Event\vendor\codeigniter4\framework\system\CodeIgniter.php(351): CodeIgniter\CodeIgniter->handleRequest(NULL, Object(Config\Cache), false)
#8 C:\xampp\pem.web\htdocs\Event\index.php(67): CodeIgniter\CodeIgniter->run()
#9 {main}
CRITICAL - 2023-01-03 00:04:21 --> Call to a member function getResult() on bool
in APPPATH\Models\Mahasiswa_model.php on line 20.
 1 APPPATH\Controllers\Mahasiswa.php(20): App\Models\Mahasiswa_model->data_mahasiswa_json()
 2 SYSTEMPATH\CodeIgniter.php(927): App\Controllers\Mahasiswa->data_mahasiswa_json()
 3 SYSTEMPATH\CodeIgniter.php(482): CodeIgniter\CodeIgniter->runController(Object(App\Controllers\Mahasiswa))
 4 SYSTEMPATH\CodeIgniter.php(351): CodeIgniter\CodeIgniter->handleRequest(null, Object(Config\Cache), false)
 5 FCPATH\index.php(67): CodeIgniter\CodeIgniter->run()
ERROR - 2023-01-03 00:04:44 --> mysqli_sql_exception: You have an error in your SQL syntax; check the manual that corresponds to your MariaDB server version for the right syntax to use near 'on.angkatan = e.id' at line 7 in C:\xampp\pem.web\htdocs\Event\vendor\codeigniter4\framework\system\Database\MySQLi\Connection.php:292
Stack trace:
#0 C:\xampp\pem.web\htdocs\Event\vendor\codeigniter4\framework\system\Database\MySQLi\Connection.php(292): mysqli->query('select a.nim,a....', 0)
#1 C:\xampp\pem.web\htdocs\Event\vendor\codeigniter4\framework\system\Database\BaseConnection.php(666): CodeIgniter\Database\MySQLi\Connection->execute('select a.nim,a....')
#2 C:\xampp\pem.web\htdocs\Event\vendor\codeigniter4\framework\system\Database\BaseConnection.php(593): CodeIgniter\Database\BaseConnection->simpleQuery('select a.nim,a....')
#3 C:\xampp\pem.web\htdocs\Event\app\Models\Mahasiswa_model.php(13): CodeIgniter\Database\BaseConnection->query('select a.nim,a....')
#4 C:\xampp\pem.web\htdocs\Event\app\Controllers\Mahasiswa.php(20): App\Models\Mahasiswa_model->data_mahasiswa_json()
#5 C:\xampp\pem.web\htdocs\Event\vendor\codeigniter4\framework\system\CodeIgniter.php(927): App\Controllers\Mahasiswa->data_mahasiswa_json()
#6 C:\xampp\pem.web\htdocs\Event\vendor\codeigniter4\framework\system\CodeIgniter.php(482): CodeIgniter\CodeIgniter->runController(Object(App\Controllers\Mahasiswa))
#7 C:\xampp\pem.web\htdocs\Event\vendor\codeigniter4\framework\system\CodeIgniter.php(351): CodeIgniter\CodeIgniter->handleRequest(NULL, Object(Config\Cache), false)
#8 C:\xampp\pem.web\htdocs\Event\index.php(67): CodeIgniter\CodeIgniter->run()
#9 {main}
CRITICAL - 2023-01-03 00:04:44 --> Call to a member function getResult() on bool
in APPPATH\Models\Mahasiswa_model.php on line 20.
 1 APPPATH\Controllers\Mahasiswa.php(20): App\Models\Mahasiswa_model->data_mahasiswa_json()
 2 SYSTEMPATH\CodeIgniter.php(927): App\Controllers\Mahasiswa->data_mahasiswa_json()
 3 SYSTEMPATH\CodeIgniter.php(482): CodeIgniter\CodeIgniter->runController(Object(App\Controllers\Mahasiswa))
 4 SYSTEMPATH\CodeIgniter.php(351): CodeIgniter\CodeIgniter->handleRequest(null, Object(Config\Cache), false)
 5 FCPATH\index.php(67): CodeIgniter\CodeIgniter->run()
CRITICAL - 2023-01-03 00:09:03 --> Invalid argument supplied for foreach()
in APPPATH\Views\mahasiswa_edit.php on line 20.
 1 APPPATH\Views\mahasiswa_edit.php(20): CodeIgniter\Debug\Exceptions->errorHandler(2, 'Invalid argument supplied for foreach()', 'APPPATH\\Views\\mahasiswa_edit.php', 20, [...])
 2 SYSTEMPATH\View\View.php(213): include('APPPATH\\Views\\mahasiswa_edit.php')
 3 SYSTEMPATH\View\View.php(216): CodeIgniter\View\View->CodeIgniter\View\{closure}()
 4 SYSTEMPATH\Common.php(1134): CodeIgniter\View\View->render('mahasiswa_edit', [], true)
 5 APPPATH\Controllers\Mahasiswa.php(105): view('mahasiswa_edit', [...])
 6 SYSTEMPATH\CodeIgniter.php(927): App\Controllers\Mahasiswa->edit('120')
 7 SYSTEMPATH\CodeIgniter.php(482): CodeIgniter\CodeIgniter->runController(Object(App\Controllers\Mahasiswa))
 8 SYSTEMPATH\CodeIgniter.php(351): CodeIgniter\CodeIgniter->handleRequest(null, Object(Config\Cache), false)
 9 FCPATH\index.php(67): CodeIgniter\CodeIgniter->run()
ERROR - 2023-01-03 00:39:14 --> mysqli_sql_exception: Unknown column 'nik' in 'field list' in C:\xampp\pem.web\htdocs\Event\vendor\codeigniter4\framework\system\Database\MySQLi\Connection.php:292
Stack trace:
#0 C:\xampp\pem.web\htdocs\Event\vendor\codeigniter4\framework\system\Database\MySQLi\Connection.php(292): mysqli->query('select jenis_ke...', 0)
#1 C:\xampp\pem.web\htdocs\Event\vendor\codeigniter4\framework\system\Database\BaseConnection.php(666): CodeIgniter\Database\MySQLi\Connection->execute('select jenis_ke...')
#2 C:\xampp\pem.web\htdocs\Event\vendor\codeigniter4\framework\system\Database\BaseConnection.php(593): CodeIgniter\Database\BaseConnection->simpleQuery('select jenis_ke...')
#3 C:\xampp\pem.web\htdocs\Event\app\Models\Grafik_model.php(11): CodeIgniter\Database\BaseConnection->query('select jenis_ke...')
#4 C:\xampp\pem.web\htdocs\Event\app\Controllers\Grafik_gender.php(20): App\Models\Grafik_model->grafik_gender_json()
#5 C:\xampp\pem.web\htdocs\Event\vendor\codeigniter4\framework\system\CodeIgniter.php(927): App\Controllers\Grafik_gender->grafik_gender_json()
#6 C:\xampp\pem.web\htdocs\Event\vendor\codeigniter4\framework\system\CodeIgniter.php(482): CodeIgniter\CodeIgniter->runController(Object(App\Controllers\Grafik_gender))
#7 C:\xampp\pem.web\htdocs\Event\vendor\codeigniter4\framework\system\CodeIgniter.php(351): CodeIgniter\CodeIgniter->handleRequest(NULL, Object(Config\Cache), false)
#8 C:\xampp\pem.web\htdocs\Event\index.php(67): CodeIgniter\CodeIgniter->run()
#9 {main}
CRITICAL - 2023-01-03 00:39:14 --> Call to a member function getResult() on bool
in APPPATH\Models\Grafik_model.php on line 12.
 1 APPPATH\Controllers\Grafik_gender.php(20): App\Models\Grafik_model->grafik_gender_json()
 2 SYSTEMPATH\CodeIgniter.php(927): App\Controllers\Grafik_gender->grafik_gender_json()
 3 SYSTEMPATH\CodeIgniter.php(482): CodeIgniter\CodeIgniter->runController(Object(App\Controllers\Grafik_gender))
 4 SYSTEMPATH\CodeIgniter.php(351): CodeIgniter\CodeIgniter->handleRequest(null, Object(Config\Cache), false)
 5 FCPATH\index.php(67): CodeIgniter\CodeIgniter->run()
CRITICAL - 2023-01-03 00:39:14 --> file_get_contents(http://localhost/Event/grafik_gender/grafik_gender_json): failed to open stream: HTTP request failed! HTTP/1.0 500 Internal Server Error

in APPPATH\Views\grafik_gender.php on line 52.
 1 [internal function]: CodeIgniter\Debug\Exceptions->errorHandler(2, 'file_get_contents(http://localhost/Event/grafik_gender/grafik_gender_json): failed to open stream: HTTP request failed! HTTP/1.0 500 Internal Server Error
', 'APPPATH\\Views\\grafik_gender.php', 52, [...])
 2 APPPATH\Views\grafik_gender.php(52): file_get_contents('http://localhost/Event/grafik_gender/grafik_gender_json')
 3 SYSTEMPATH\View\View.php(213): include('APPPATH\\Views\\grafik_gender.php')
 4 SYSTEMPATH\View\View.php(216): CodeIgniter\View\View->CodeIgniter\View\{closure}()
 5 SYSTEMPATH\Common.php(1134): CodeIgniter\View\View->render('grafik_gender', [], true)
 6 APPPATH\Controllers\Grafik_gender.php(15): view('grafik_gender', [...])
 7 SYSTEMPATH\CodeIgniter.php(927): App\Controllers\Grafik_gender->index()
 8 SYSTEMPATH\CodeIgniter.php(482): CodeIgniter\CodeIgniter->runController(Object(App\Controllers\Grafik_gender))
 9 SYSTEMPATH\CodeIgniter.php(351): CodeIgniter\CodeIgniter->handleRequest(null, Object(Config\Cache), false)
10 FCPATH\index.php(67): CodeIgniter\CodeIgniter->run()
CRITICAL - 2023-01-03 00:42:14 --> Invalid argument supplied for foreach()
in APPPATH\Views\mahasiswa_edit.php on line 20.
 1 APPPATH\Views\mahasiswa_edit.php(20): CodeIgniter\Debug\Exceptions->errorHandler(2, 'Invalid argument supplied for foreach()', 'APPPATH\\Views\\mahasiswa_edit.php', 20, [...])
 2 SYSTEMPATH\View\View.php(213): include('APPPATH\\Views\\mahasiswa_edit.php')
 3 SYSTEMPATH\View\View.php(216): CodeIgniter\View\View->CodeIgniter\View\{closure}()
 4 SYSTEMPATH\Common.php(1134): CodeIgniter\View\View->render('mahasiswa_edit', [], true)
 5 APPPATH\Controllers\Mahasiswa.php(105): view('mahasiswa_edit', [...])
 6 SYSTEMPATH\CodeIgniter.php(927): App\Controllers\Mahasiswa->edit('111')
 7 SYSTEMPATH\CodeIgniter.php(482): CodeIgniter\CodeIgniter->runController(Object(App\Controllers\Mahasiswa))
 8 SYSTEMPATH\CodeIgniter.php(351): CodeIgniter\CodeIgniter->handleRequest(null, Object(Config\Cache), false)
 9 FCPATH\index.php(67): CodeIgniter\CodeIgniter->run()
CRITICAL - 2023-01-03 01:43:05 --> Invalid argument supplied for foreach()
in APPPATH\Views\mahasiswa_edit.php on line 20.
 1 APPPATH\Views\mahasiswa_edit.php(20): CodeIgniter\Debug\Exceptions->errorHandler(2, 'Invalid argument supplied for foreach()', 'APPPATH\\Views\\mahasiswa_edit.php', 20, [...])
 2 SYSTEMPATH\View\View.php(213): include('APPPATH\\Views\\mahasiswa_edit.php')
 3 SYSTEMPATH\View\View.php(216): CodeIgniter\View\View->CodeIgniter\View\{closure}()
 4 SYSTEMPATH\Common.php(1134): CodeIgniter\View\View->render('mahasiswa_edit', [], true)
 5 APPPATH\Controllers\Mahasiswa.php(105): view('mahasiswa_edit', [...])
 6 SYSTEMPATH\CodeIgniter.php(927): App\Controllers\Mahasiswa->edit('120')
 7 SYSTEMPATH\CodeIgniter.php(482): CodeIgniter\CodeIgniter->runController(Object(App\Controllers\Mahasiswa))
 8 SYSTEMPATH\CodeIgniter.php(351): CodeIgniter\CodeIgniter->handleRequest(null, Object(Config\Cache), false)
 9 FCPATH\index.php(67): CodeIgniter\CodeIgniter->run()
CRITICAL - 2023-01-03 01:44:49 --> Invalid argument supplied for foreach()
in APPPATH\Views\mahasiswa_edit.php on line 20.
 1 APPPATH\Views\mahasiswa_edit.php(20): CodeIgniter\Debug\Exceptions->errorHandler(2, 'Invalid argument supplied for foreach()', 'APPPATH\\Views\\mahasiswa_edit.php', 20, [...])
 2 SYSTEMPATH\View\View.php(213): include('APPPATH\\Views\\mahasiswa_edit.php')
 3 SYSTEMPATH\View\View.php(216): CodeIgniter\View\View->CodeIgniter\View\{closure}()
 4 SYSTEMPATH\Common.php(1134): CodeIgniter\View\View->render('mahasiswa_edit', [], true)
 5 APPPATH\Controllers\Mahasiswa.php(105): view('mahasiswa_edit', [...])
 6 SYSTEMPATH\CodeIgniter.php(927): App\Controllers\Mahasiswa->edit('111')
 7 SYSTEMPATH\CodeIgniter.php(482): CodeIgniter\CodeIgniter->runController(Object(App\Controllers\Mahasiswa))
 8 SYSTEMPATH\CodeIgniter.php(351): CodeIgniter\CodeIgniter->handleRequest(null, Object(Config\Cache), false)
 9 FCPATH\index.php(67): CodeIgniter\CodeIgniter->run()
CRITICAL - 2023-01-03 01:46:17 --> Invalid argument supplied for foreach()
in APPPATH\Views\mahasiswa_edit.php on line 20.
 1 APPPATH\Views\mahasiswa_edit.php(20): CodeIgniter\Debug\Exceptions->errorHandler(2, 'Invalid argument supplied for foreach()', 'APPPATH\\Views\\mahasiswa_edit.php', 20, [...])
 2 SYSTEMPATH\View\View.php(213): include('APPPATH\\Views\\mahasiswa_edit.php')
 3 SYSTEMPATH\View\View.php(216): CodeIgniter\View\View->CodeIgniter\View\{closure}()
 4 SYSTEMPATH\Common.php(1134): CodeIgniter\View\View->render('mahasiswa_edit', [], true)
 5 APPPATH\Controllers\Mahasiswa.php(105): view('mahasiswa_edit', [...])
 6 SYSTEMPATH\CodeIgniter.php(927): App\Controllers\Mahasiswa->edit('120')
 7 SYSTEMPATH\CodeIgniter.php(482): CodeIgniter\CodeIgniter->runController(Object(App\Controllers\Mahasiswa))
 8 SYSTEMPATH\CodeIgniter.php(351): CodeIgniter\CodeIgniter->handleRequest(null, Object(Config\Cache), false)
 9 FCPATH\index.php(67): CodeIgniter\CodeIgniter->run()
CRITICAL - 2023-01-03 02:37:15 --> Invalid argument supplied for foreach()
in APPPATH\Views\mahasiswa_edit.php on line 20.
 1 APPPATH\Views\mahasiswa_edit.php(20): CodeIgniter\Debug\Exceptions->errorHandler(2, 'Invalid argument supplied for foreach()', 'APPPATH\\Views\\mahasiswa_edit.php', 20, [...])
 2 SYSTEMPATH\View\View.php(213): include('APPPATH\\Views\\mahasiswa_edit.php')
 3 SYSTEMPATH\View\View.php(216): CodeIgniter\View\View->CodeIgniter\View\{closure}()
 4 SYSTEMPATH\Common.php(1134): CodeIgniter\View\View->render('mahasiswa_edit', [], true)
 5 APPPATH\Controllers\Mahasiswa.php(105): view('mahasiswa_edit', [...])
 6 SYSTEMPATH\CodeIgniter.php(927): App\Controllers\Mahasiswa->edit('111')
 7 SYSTEMPATH\CodeIgniter.php(482): CodeIgniter\CodeIgniter->runController(Object(App\Controllers\Mahasiswa))
 8 SYSTEMPATH\CodeIgniter.php(351): CodeIgniter\CodeIgniter->handleRequest(null, Object(Config\Cache), false)
 9 FCPATH\index.php(67): CodeIgniter\CodeIgniter->run()
CRITICAL - 2023-01-03 02:37:56 --> Invalid argument supplied for foreach()
in APPPATH\Views\mahasiswa_edit.php on line 20.
 1 APPPATH\Views\mahasiswa_edit.php(20): CodeIgniter\Debug\Exceptions->errorHandler(2, 'Invalid argument supplied for foreach()', 'APPPATH\\Views\\mahasiswa_edit.php', 20, [...])
 2 SYSTEMPATH\View\View.php(213): include('APPPATH\\Views\\mahasiswa_edit.php')
 3 SYSTEMPATH\View\View.php(216): CodeIgniter\View\View->CodeIgniter\View\{closure}()
 4 SYSTEMPATH\Common.php(1134): CodeIgniter\View\View->render('mahasiswa_edit', [], true)
 5 APPPATH\Controllers\Mahasiswa.php(105): view('mahasiswa_edit', [...])
 6 SYSTEMPATH\CodeIgniter.php(927): App\Controllers\Mahasiswa->edit('111')
 7 SYSTEMPATH\CodeIgniter.php(482): CodeIgniter\CodeIgniter->runController(Object(App\Controllers\Mahasiswa))
 8 SYSTEMPATH\CodeIgniter.php(351): CodeIgniter\CodeIgniter->handleRequest(null, Object(Config\Cache), false)
 9 FCPATH\index.php(67): CodeIgniter\CodeIgniter->run()
CRITICAL - 2023-01-03 02:38:57 --> Call to a member function opt_agama() on array
in APPPATH\Controllers\Mahasiswa.php on line 101.
 1 SYSTEMPATH\CodeIgniter.php(927): App\Controllers\Mahasiswa->edit('111')
 2 SYSTEMPATH\CodeIgniter.php(482): CodeIgniter\CodeIgniter->runController(Object(App\Controllers\Mahasiswa))
 3 SYSTEMPATH\CodeIgniter.php(351): CodeIgniter\CodeIgniter->handleRequest(null, Object(Config\Cache), false)
 4 FCPATH\index.php(67): CodeIgniter\CodeIgniter->run()
CRITICAL - 2023-01-03 02:40:01 --> Invalid argument supplied for foreach()
in APPPATH\Views\mahasiswa_edit.php on line 20.
 1 APPPATH\Views\mahasiswa_edit.php(20): CodeIgniter\Debug\Exceptions->errorHandler(2, 'Invalid argument supplied for foreach()', 'APPPATH\\Views\\mahasiswa_edit.php', 20, [...])
 2 SYSTEMPATH\View\View.php(213): include('APPPATH\\Views\\mahasiswa_edit.php')
 3 SYSTEMPATH\View\View.php(216): CodeIgniter\View\View->CodeIgniter\View\{closure}()
 4 SYSTEMPATH\Common.php(1134): CodeIgniter\View\View->render('mahasiswa_edit', [], true)
 5 APPPATH\Controllers\Mahasiswa.php(104): view('mahasiswa_edit', [...])
 6 SYSTEMPATH\CodeIgniter.php(927): App\Controllers\Mahasiswa->edit('120')
 7 SYSTEMPATH\CodeIgniter.php(482): CodeIgniter\CodeIgniter->runController(Object(App\Controllers\Mahasiswa))
 8 SYSTEMPATH\CodeIgniter.php(351): CodeIgniter\CodeIgniter->handleRequest(null, Object(Config\Cache), false)
 9 FCPATH\index.php(67): CodeIgniter\CodeIgniter->run()
CRITICAL - 2023-01-03 02:40:42 --> syntax error, unexpected '$data' (T_VARIABLE)
in APPPATH\Controllers\Mahasiswa.php on line 99.
 1 SYSTEMPATH\Autoloader\Autoloader.php(259): CodeIgniter\Autoloader\Autoloader->includeFile('APPPATH\\Controllers\\Mahasiswa.php')
 2 SYSTEMPATH\Autoloader\Autoloader.php(237): CodeIgniter\Autoloader\Autoloader->loadInNamespace('App\\Controllers\\Mahasiswa')
 3 [internal function]: CodeIgniter\Autoloader\Autoloader->loadClass('App\\Controllers\\Mahasiswa')
 4 [internal function]: spl_autoload_call('App\\Controllers\\Mahasiswa')
 5 SYSTEMPATH\CodeIgniter.php(877): class_exists('\\App\\Controllers\\Mahasiswa', true)
 6 SYSTEMPATH\CodeIgniter.php(469): CodeIgniter\CodeIgniter->startController()
 7 SYSTEMPATH\CodeIgniter.php(351): CodeIgniter\CodeIgniter->handleRequest(null, Object(Config\Cache), false)
 8 FCPATH\index.php(67): CodeIgniter\CodeIgniter->run()
CRITICAL - 2023-01-03 02:40:47 --> syntax error, unexpected '$data' (T_VARIABLE)
in APPPATH\Controllers\Mahasiswa.php on line 99.
 1 SYSTEMPATH\Autoloader\Autoloader.php(259): CodeIgniter\Autoloader\Autoloader->includeFile('APPPATH\\Controllers\\Mahasiswa.php')
 2 SYSTEMPATH\Autoloader\Autoloader.php(237): CodeIgniter\Autoloader\Autoloader->loadInNamespace('App\\Controllers\\Mahasiswa')
 3 [internal function]: CodeIgniter\Autoloader\Autoloader->loadClass('App\\Controllers\\Mahasiswa')
 4 [internal function]: spl_autoload_call('App\\Controllers\\Mahasiswa')
 5 SYSTEMPATH\CodeIgniter.php(877): class_exists('\\App\\Controllers\\Mahasiswa', true)
 6 SYSTEMPATH\CodeIgniter.php(469): CodeIgniter\CodeIgniter->startController()
 7 SYSTEMPATH\CodeIgniter.php(351): CodeIgniter\CodeIgniter->handleRequest(null, Object(Config\Cache), false)
 8 FCPATH\index.php(67): CodeIgniter\CodeIgniter->run()
CRITICAL - 2023-01-03 02:41:57 --> Invalid argument supplied for foreach()
in APPPATH\Views\mahasiswa_edit.php on line 20.
 1 APPPATH\Views\mahasiswa_edit.php(20): CodeIgniter\Debug\Exceptions->errorHandler(2, 'Invalid argument supplied for foreach()', 'APPPATH\\Views\\mahasiswa_edit.php', 20, [...])
 2 SYSTEMPATH\View\View.php(213): include('APPPATH\\Views\\mahasiswa_edit.php')
 3 SYSTEMPATH\View\View.php(216): CodeIgniter\View\View->CodeIgniter\View\{closure}()
 4 SYSTEMPATH\Common.php(1134): CodeIgniter\View\View->render('mahasiswa_edit', [], true)
 5 APPPATH\Controllers\Mahasiswa.php(105): view('mahasiswa_edit', [...])
 6 SYSTEMPATH\CodeIgniter.php(927): App\Controllers\Mahasiswa->edit('120')
 7 SYSTEMPATH\CodeIgniter.php(482): CodeIgniter\CodeIgniter->runController(Object(App\Controllers\Mahasiswa))
 8 SYSTEMPATH\CodeIgniter.php(351): CodeIgniter\CodeIgniter->handleRequest(null, Object(Config\Cache), false)
 9 FCPATH\index.php(67): CodeIgniter\CodeIgniter->run()
CRITICAL - 2023-01-03 02:48:19 --> Invalid argument supplied for foreach()
in APPPATH\Views\mahasiswa_edit.php on line 20.
 1 APPPATH\Views\mahasiswa_edit.php(20): CodeIgniter\Debug\Exceptions->errorHandler(2, 'Invalid argument supplied for foreach()', 'APPPATH\\Views\\mahasiswa_edit.php', 20, [...])
 2 SYSTEMPATH\View\View.php(213): include('APPPATH\\Views\\mahasiswa_edit.php')
 3 SYSTEMPATH\View\View.php(216): CodeIgniter\View\View->CodeIgniter\View\{closure}()
 4 SYSTEMPATH\Common.php(1134): CodeIgniter\View\View->render('mahasiswa_edit', [], true)
 5 APPPATH\Controllers\Mahasiswa.php(105): view('mahasiswa_edit', [...])
 6 SYSTEMPATH\CodeIgniter.php(927): App\Controllers\Mahasiswa->edit('120')
 7 SYSTEMPATH\CodeIgniter.php(482): CodeIgniter\CodeIgniter->runController(Object(App\Controllers\Mahasiswa))
 8 SYSTEMPATH\CodeIgniter.php(351): CodeIgniter\CodeIgniter->handleRequest(null, Object(Config\Cache), false)
 9 FCPATH\index.php(67): CodeIgniter\CodeIgniter->run()
CRITICAL - 2023-01-03 02:48:48 --> Invalid argument supplied for foreach()
in APPPATH\Views\mahasiswa_edit.php on line 20.
 1 APPPATH\Views\mahasiswa_edit.php(20): CodeIgniter\Debug\Exceptions->errorHandler(2, 'Invalid argument supplied for foreach()', 'APPPATH\\Views\\mahasiswa_edit.php', 20, [...])
 2 SYSTEMPATH\View\View.php(213): include('APPPATH\\Views\\mahasiswa_edit.php')
 3 SYSTEMPATH\View\View.php(216): CodeIgniter\View\View->CodeIgniter\View\{closure}()
 4 SYSTEMPATH\Common.php(1134): CodeIgniter\View\View->render('mahasiswa_edit', [], true)
 5 APPPATH\Controllers\Mahasiswa.php(105): view('mahasiswa_edit', [...])
 6 SYSTEMPATH\CodeIgniter.php(927): App\Controllers\Mahasiswa->edit('120')
 7 SYSTEMPATH\CodeIgniter.php(482): CodeIgniter\CodeIgniter->runController(Object(App\Controllers\Mahasiswa))
 8 SYSTEMPATH\CodeIgniter.php(351): CodeIgniter\CodeIgniter->handleRequest(null, Object(Config\Cache), false)
 9 FCPATH\index.php(67): CodeIgniter\CodeIgniter->run()
CRITICAL - 2023-01-03 02:49:38 --> Invalid argument supplied for foreach()
in APPPATH\Views\mahasiswa_edit.php on line 20.
 1 APPPATH\Views\mahasiswa_edit.php(20): CodeIgniter\Debug\Exceptions->errorHandler(2, 'Invalid argument supplied for foreach()', 'APPPATH\\Views\\mahasiswa_edit.php', 20, [...])
 2 SYSTEMPATH\View\View.php(213): include('APPPATH\\Views\\mahasiswa_edit.php')
 3 SYSTEMPATH\View\View.php(216): CodeIgniter\View\View->CodeIgniter\View\{closure}()
 4 SYSTEMPATH\Common.php(1134): CodeIgniter\View\View->render('mahasiswa_edit', [], true)
 5 APPPATH\Controllers\Mahasiswa.php(105): view('mahasiswa_edit', [...])
 6 SYSTEMPATH\CodeIgniter.php(927): App\Controllers\Mahasiswa->edit('120')
 7 SYSTEMPATH\CodeIgniter.php(482): CodeIgniter\CodeIgniter->runController(Object(App\Controllers\Mahasiswa))
 8 SYSTEMPATH\CodeIgniter.php(351): CodeIgniter\CodeIgniter->handleRequest(null, Object(Config\Cache), false)
 9 FCPATH\index.php(67): CodeIgniter\CodeIgniter->run()
CRITICAL - 2023-01-03 02:49:49 --> Invalid argument supplied for foreach()
in APPPATH\Views\mahasiswa_edit.php on line 20.
 1 APPPATH\Views\mahasiswa_edit.php(20): CodeIgniter\Debug\Exceptions->errorHandler(2, 'Invalid argument supplied for foreach()', 'APPPATH\\Views\\mahasiswa_edit.php', 20, [...])
 2 SYSTEMPATH\View\View.php(213): include('APPPATH\\Views\\mahasiswa_edit.php')
 3 SYSTEMPATH\View\View.php(216): CodeIgniter\View\View->CodeIgniter\View\{closure}()
 4 SYSTEMPATH\Common.php(1134): CodeIgniter\View\View->render('mahasiswa_edit', [], true)
 5 APPPATH\Controllers\Mahasiswa.php(105): view('mahasiswa_edit', [...])
 6 SYSTEMPATH\CodeIgniter.php(927): App\Controllers\Mahasiswa->edit('120')
 7 SYSTEMPATH\CodeIgniter.php(482): CodeIgniter\CodeIgniter->runController(Object(App\Controllers\Mahasiswa))
 8 SYSTEMPATH\CodeIgniter.php(351): CodeIgniter\CodeIgniter->handleRequest(null, Object(Config\Cache), false)
 9 FCPATH\index.php(67): CodeIgniter\CodeIgniter->run()
CRITICAL - 2023-01-03 02:50:44 --> Invalid argument supplied for foreach()
in APPPATH\Views\mahasiswa_edit.php on line 20.
 1 APPPATH\Views\mahasiswa_edit.php(20): CodeIgniter\Debug\Exceptions->errorHandler(2, 'Invalid argument supplied for foreach()', 'APPPATH\\Views\\mahasiswa_edit.php', 20, [...])
 2 SYSTEMPATH\View\View.php(213): include('APPPATH\\Views\\mahasiswa_edit.php')
 3 SYSTEMPATH\View\View.php(216): CodeIgniter\View\View->CodeIgniter\View\{closure}()
 4 SYSTEMPATH\Common.php(1134): CodeIgniter\View\View->render('mahasiswa_edit', [], true)
 5 APPPATH\Controllers\Mahasiswa.php(105): view('mahasiswa_edit', [...])
 6 SYSTEMPATH\CodeIgniter.php(927): App\Controllers\Mahasiswa->edit('120')
 7 SYSTEMPATH\CodeIgniter.php(482): CodeIgniter\CodeIgniter->runController(Object(App\Controllers\Mahasiswa))
 8 SYSTEMPATH\CodeIgniter.php(351): CodeIgniter\CodeIgniter->handleRequest(null, Object(Config\Cache), false)
 9 FCPATH\index.php(67): CodeIgniter\CodeIgniter->run()
CRITICAL - 2023-01-03 02:52:15 --> Invalid argument supplied for foreach()
in APPPATH\Views\mahasiswa_edit.php on line 20.
 1 APPPATH\Views\mahasiswa_edit.php(20): CodeIgniter\Debug\Exceptions->errorHandler(2, 'Invalid argument supplied for foreach()', 'APPPATH\\Views\\mahasiswa_edit.php', 20, [...])
 2 SYSTEMPATH\View\View.php(213): include('APPPATH\\Views\\mahasiswa_edit.php')
 3 SYSTEMPATH\View\View.php(216): CodeIgniter\View\View->CodeIgniter\View\{closure}()
 4 SYSTEMPATH\Common.php(1134): CodeIgniter\View\View->render('mahasiswa_edit', [], true)
 5 APPPATH\Controllers\Mahasiswa.php(105): view('mahasiswa_edit', [...])
 6 SYSTEMPATH\CodeIgniter.php(927): App\Controllers\Mahasiswa->edit('111')
 7 SYSTEMPATH\CodeIgniter.php(482): CodeIgniter\CodeIgniter->runController(Object(App\Controllers\Mahasiswa))
 8 SYSTEMPATH\CodeIgniter.php(351): CodeIgniter\CodeIgniter->handleRequest(null, Object(Config\Cache), false)
 9 FCPATH\index.php(67): CodeIgniter\CodeIgniter->run()
CRITICAL - 2023-01-03 02:52:42 --> Invalid argument supplied for foreach()
in APPPATH\Views\mahasiswa_edit.php on line 20.
 1 APPPATH\Views\mahasiswa_edit.php(20): CodeIgniter\Debug\Exceptions->errorHandler(2, 'Invalid argument supplied for foreach()', 'APPPATH\\Views\\mahasiswa_edit.php', 20, [...])
 2 SYSTEMPATH\View\View.php(213): include('APPPATH\\Views\\mahasiswa_edit.php')
 3 SYSTEMPATH\View\View.php(216): CodeIgniter\View\View->CodeIgniter\View\{closure}()
 4 SYSTEMPATH\Common.php(1134): CodeIgniter\View\View->render('mahasiswa_edit', [], true)
 5 APPPATH\Controllers\Mahasiswa.php(105): view('mahasiswa_edit', [...])
 6 SYSTEMPATH\CodeIgniter.php(927): App\Controllers\Mahasiswa->edit('111')
 7 SYSTEMPATH\CodeIgniter.php(482): CodeIgniter\CodeIgniter->runController(Object(App\Controllers\Mahasiswa))
 8 SYSTEMPATH\CodeIgniter.php(351): CodeIgniter\CodeIgniter->handleRequest(null, Object(Config\Cache), false)
 9 FCPATH\index.php(67): CodeIgniter\CodeIgniter->run()
CRITICAL - 2023-01-03 02:57:54 --> Invalid argument supplied for foreach()
in APPPATH\Views\mahasiswa_edit.php on line 20.
 1 APPPATH\Views\mahasiswa_edit.php(20): CodeIgniter\Debug\Exceptions->errorHandler(2, 'Invalid argument supplied for foreach()', 'APPPATH\\Views\\mahasiswa_edit.php', 20, [...])
 2 SYSTEMPATH\View\View.php(213): include('APPPATH\\Views\\mahasiswa_edit.php')
 3 SYSTEMPATH\View\View.php(216): CodeIgniter\View\View->CodeIgniter\View\{closure}()
 4 SYSTEMPATH\Common.php(1134): CodeIgniter\View\View->render('mahasiswa_edit', [], true)
 5 APPPATH\Controllers\Mahasiswa.php(105): view('mahasiswa_edit', [...])
 6 SYSTEMPATH\CodeIgniter.php(927): App\Controllers\Mahasiswa->edit('120')
 7 SYSTEMPATH\CodeIgniter.php(482): CodeIgniter\CodeIgniter->runController(Object(App\Controllers\Mahasiswa))
 8 SYSTEMPATH\CodeIgniter.php(351): CodeIgniter\CodeIgniter->handleRequest(null, Object(Config\Cache), false)
 9 FCPATH\index.php(67): CodeIgniter\CodeIgniter->run()
CRITICAL - 2023-01-03 02:57:59 --> Invalid argument supplied for foreach()
in APPPATH\Views\mahasiswa_edit.php on line 20.
 1 APPPATH\Views\mahasiswa_edit.php(20): CodeIgniter\Debug\Exceptions->errorHandler(2, 'Invalid argument supplied for foreach()', 'APPPATH\\Views\\mahasiswa_edit.php', 20, [...])
 2 SYSTEMPATH\View\View.php(213): include('APPPATH\\Views\\mahasiswa_edit.php')
 3 SYSTEMPATH\View\View.php(216): CodeIgniter\View\View->CodeIgniter\View\{closure}()
 4 SYSTEMPATH\Common.php(1134): CodeIgniter\View\View->render('mahasiswa_edit', [], true)
 5 APPPATH\Controllers\Mahasiswa.php(105): view('mahasiswa_edit', [...])
 6 SYSTEMPATH\CodeIgniter.php(927): App\Controllers\Mahasiswa->edit('111')
 7 SYSTEMPATH\CodeIgniter.php(482): CodeIgniter\CodeIgniter->runController(Object(App\Controllers\Mahasiswa))
 8 SYSTEMPATH\CodeIgniter.php(351): CodeIgniter\CodeIgniter->handleRequest(null, Object(Config\Cache), false)
 9 FCPATH\index.php(67): CodeIgniter\CodeIgniter->run()
CRITICAL - 2023-01-03 02:58:19 --> Invalid argument supplied for foreach()
in APPPATH\Views\mahasiswa_edit.php on line 20.
 1 APPPATH\Views\mahasiswa_edit.php(20): CodeIgniter\Debug\Exceptions->errorHandler(2, 'Invalid argument supplied for foreach()', 'APPPATH\\Views\\mahasiswa_edit.php', 20, [...])
 2 SYSTEMPATH\View\View.php(213): include('APPPATH\\Views\\mahasiswa_edit.php')
 3 SYSTEMPATH\View\View.php(216): CodeIgniter\View\View->CodeIgniter\View\{closure}()
 4 SYSTEMPATH\Common.php(1134): CodeIgniter\View\View->render('mahasiswa_edit', [], true)
 5 APPPATH\Controllers\Mahasiswa.php(105): view('mahasiswa_edit', [...])
 6 SYSTEMPATH\CodeIgniter.php(927): App\Controllers\Mahasiswa->edit('111')
 7 SYSTEMPATH\CodeIgniter.php(482): CodeIgniter\CodeIgniter->runController(Object(App\Controllers\Mahasiswa))
 8 SYSTEMPATH\CodeIgniter.php(351): CodeIgniter\CodeIgniter->handleRequest(null, Object(Config\Cache), false)
 9 FCPATH\index.php(67): CodeIgniter\CodeIgniter->run()
CRITICAL - 2023-01-03 03:08:09 --> Call to undefined method App\Models\Mahasiswa_model::opt_angkatan
in SYSTEMPATH\Model.php on line 774.
 1 APPPATH\Controllers\Mahasiswa.php(105): CodeIgniter\Model->__call('opt_angkatan', [])
 2 SYSTEMPATH\CodeIgniter.php(927): App\Controllers\Mahasiswa->edit('120')
 3 SYSTEMPATH\CodeIgniter.php(482): CodeIgniter\CodeIgniter->runController(Object(App\Controllers\Mahasiswa))
 4 SYSTEMPATH\CodeIgniter.php(351): CodeIgniter\CodeIgniter->handleRequest(null, Object(Config\Cache), false)
 5 FCPATH\index.php(67): CodeIgniter\CodeIgniter->run()
CRITICAL - 2023-01-03 03:08:55 --> Call to undefined method App\Models\Mahasiswa_model::opt_tgl_masuk
in SYSTEMPATH\Model.php on line 774.
 1 APPPATH\Controllers\Mahasiswa.php(105): CodeIgniter\Model->__call('opt_tgl_masuk', [])
 2 SYSTEMPATH\CodeIgniter.php(927): App\Controllers\Mahasiswa->edit('120')
 3 SYSTEMPATH\CodeIgniter.php(482): CodeIgniter\CodeIgniter->runController(Object(App\Controllers\Mahasiswa))
 4 SYSTEMPATH\CodeIgniter.php(351): CodeIgniter\CodeIgniter->handleRequest(null, Object(Config\Cache), false)
 5 FCPATH\index.php(67): CodeIgniter\CodeIgniter->run()
CRITICAL - 2023-01-03 03:13:12 --> Call to undefined function csrf_test_name()
in APPPATH\Views\mahasiswa_edit.php on line 19.
 1 SYSTEMPATH\View\View.php(213): include()
 2 SYSTEMPATH\View\View.php(216): CodeIgniter\View\View->CodeIgniter\View\{closure}()
 3 SYSTEMPATH\Common.php(1134): CodeIgniter\View\View->render('mahasiswa_edit', [], true)
 4 APPPATH\Controllers\Mahasiswa.php(106): view('mahasiswa_edit', [...])
 5 SYSTEMPATH\CodeIgniter.php(927): App\Controllers\Mahasiswa->edit('120')
 6 SYSTEMPATH\CodeIgniter.php(482): CodeIgniter\CodeIgniter->runController(Object(App\Controllers\Mahasiswa))
 7 SYSTEMPATH\CodeIgniter.php(351): CodeIgniter\CodeIgniter->handleRequest(null, Object(Config\Cache), false)
 8 FCPATH\index.php(67): CodeIgniter\CodeIgniter->run()
CRITICAL - 2023-01-03 05:58:32 --> Invalid file: grafik_gender_1.php
in SYSTEMPATH\Exceptions\FrameworkException.php on line 33.
 1 SYSTEMPATH\View\View.php(201): CodeIgniter\Exceptions\FrameworkException::forInvalidFile('grafik_gender_1.php')
 2 SYSTEMPATH\Common.php(1134): CodeIgniter\View\View->render('grafik_gender_1', [], true)
 3 APPPATH\Controllers\Grafik_gender_1.php(15): view('grafik_gender_1', [...])
 4 SYSTEMPATH\CodeIgniter.php(927): App\Controllers\Grafik_gender_1->index()
 5 SYSTEMPATH\CodeIgniter.php(482): CodeIgniter\CodeIgniter->runController(Object(App\Controllers\Grafik_gender_1))
 6 SYSTEMPATH\CodeIgniter.php(351): CodeIgniter\CodeIgniter->handleRequest(null, Object(Config\Cache), false)
 7 FCPATH\index.php(67): CodeIgniter\CodeIgniter->run()
CRITICAL - 2023-01-03 06:45:41 --> include(config.php): failed to open stream: No such file or directory
in APPPATH\Views\grafik_gender_1.php on line 54.
 1 APPPATH\Views\grafik_gender_1.php(54): CodeIgniter\Debug\Exceptions->errorHandler(2, 'include(config.php): failed to open stream: No such file or directory', 'APPPATH\\Views\\grafik_gender_1.php', 54, [...])
 2 APPPATH\Views\grafik_gender_1.php(54): include()
 3 SYSTEMPATH\View\View.php(213): include('APPPATH\\Views\\grafik_gender_1.php')
 4 SYSTEMPATH\View\View.php(216): CodeIgniter\View\View->CodeIgniter\View\{closure}()
 5 SYSTEMPATH\Common.php(1134): CodeIgniter\View\View->render('grafik_gender_1', [], true)
 6 APPPATH\Controllers\Grafik_gender_1.php(15): view('grafik_gender_1', [...])
 7 SYSTEMPATH\CodeIgniter.php(927): App\Controllers\Grafik_gender_1->index()
 8 SYSTEMPATH\CodeIgniter.php(482): CodeIgniter\CodeIgniter->runController(Object(App\Controllers\Grafik_gender_1))
 9 SYSTEMPATH\CodeIgniter.php(351): CodeIgniter\CodeIgniter->handleRequest(null, Object(Config\Cache), false)
10 FCPATH\index.php(67): CodeIgniter\CodeIgniter->run()
CRITICAL - 2023-01-03 06:45:46 --> include(config.php): failed to open stream: No such file or directory
in APPPATH\Views\grafik_gender_1.php on line 54.
 1 APPPATH\Views\grafik_gender_1.php(54): CodeIgniter\Debug\Exceptions->errorHandler(2, 'include(config.php): failed to open stream: No such file or directory', 'APPPATH\\Views\\grafik_gender_1.php', 54, [...])
 2 APPPATH\Views\grafik_gender_1.php(54): include()
 3 SYSTEMPATH\View\View.php(213): include('APPPATH\\Views\\grafik_gender_1.php')
 4 SYSTEMPATH\View\View.php(216): CodeIgniter\View\View->CodeIgniter\View\{closure}()
 5 SYSTEMPATH\Common.php(1134): CodeIgniter\View\View->render('grafik_gender_1', [], true)
 6 APPPATH\Controllers\Grafik_gender_1.php(15): view('grafik_gender_1', [...])
 7 SYSTEMPATH\CodeIgniter.php(927): App\Controllers\Grafik_gender_1->index()
 8 SYSTEMPATH\CodeIgniter.php(482): CodeIgniter\CodeIgniter->runController(Object(App\Controllers\Grafik_gender_1))
 9 SYSTEMPATH\CodeIgniter.php(351): CodeIgniter\CodeIgniter->handleRequest(null, Object(Config\Cache), false)
10 FCPATH\index.php(67): CodeIgniter\CodeIgniter->run()
CRITICAL - 2023-01-03 06:47:20 --> include(config.php): failed to open stream: No such file or directory
in APPPATH\Views\grafik_gender_1.php on line 52.
 1 APPPATH\Views\grafik_gender_1.php(52): CodeIgniter\Debug\Exceptions->errorHandler(2, 'include(config.php): failed to open stream: No such file or directory', 'APPPATH\\Views\\grafik_gender_1.php', 52, [...])
 2 APPPATH\Views\grafik_gender_1.php(52): include()
 3 SYSTEMPATH\View\View.php(213): include('APPPATH\\Views\\grafik_gender_1.php')
 4 SYSTEMPATH\View\View.php(216): CodeIgniter\View\View->CodeIgniter\View\{closure}()
 5 SYSTEMPATH\Common.php(1134): CodeIgniter\View\View->render('grafik_gender_1', [], true)
 6 APPPATH\Controllers\Grafik_gender_1.php(15): view('grafik_gender_1', [...])
 7 SYSTEMPATH\CodeIgniter.php(927): App\Controllers\Grafik_gender_1->index()
 8 SYSTEMPATH\CodeIgniter.php(482): CodeIgniter\CodeIgniter->runController(Object(App\Controllers\Grafik_gender_1))
 9 SYSTEMPATH\CodeIgniter.php(351): CodeIgniter\CodeIgniter->handleRequest(null, Object(Config\Cache), false)
10 FCPATH\index.php(67): CodeIgniter\CodeIgniter->run()
CRITICAL - 2023-01-03 06:47:51 --> include(config.php): failed to open stream: No such file or directory
in APPPATH\Views\grafik_gender_1.php on line 59.
 1 APPPATH\Views\grafik_gender_1.php(59): CodeIgniter\Debug\Exceptions->errorHandler(2, 'include(config.php): failed to open stream: No such file or directory', 'APPPATH\\Views\\grafik_gender_1.php', 59, [...])
 2 APPPATH\Views\grafik_gender_1.php(59): include()
 3 SYSTEMPATH\View\View.php(213): include('APPPATH\\Views\\grafik_gender_1.php')
 4 SYSTEMPATH\View\View.php(216): CodeIgniter\View\View->CodeIgniter\View\{closure}()
 5 SYSTEMPATH\Common.php(1134): CodeIgniter\View\View->render('grafik_gender_1', [], true)
 6 APPPATH\Controllers\Grafik_gender_1.php(15): view('grafik_gender_1', [...])
 7 SYSTEMPATH\CodeIgniter.php(927): App\Controllers\Grafik_gender_1->index()
 8 SYSTEMPATH\CodeIgniter.php(482): CodeIgniter\CodeIgniter->runController(Object(App\Controllers\Grafik_gender_1))
 9 SYSTEMPATH\CodeIgniter.php(351): CodeIgniter\CodeIgniter->handleRequest(null, Object(Config\Cache), false)
10 FCPATH\index.php(67): CodeIgniter\CodeIgniter->run()
CRITICAL - 2023-01-03 06:48:21 --> include(config.php): failed to open stream: No such file or directory
in APPPATH\Views\grafik_gender_1.php on line 59.
 1 APPPATH\Views\grafik_gender_1.php(59): CodeIgniter\Debug\Exceptions->errorHandler(2, 'include(config.php): failed to open stream: No such file or directory', 'APPPATH\\Views\\grafik_gender_1.php', 59, [...])
 2 APPPATH\Views\grafik_gender_1.php(59): include()
 3 SYSTEMPATH\View\View.php(213): include('APPPATH\\Views\\grafik_gender_1.php')
 4 SYSTEMPATH\View\View.php(216): CodeIgniter\View\View->CodeIgniter\View\{closure}()
 5 SYSTEMPATH\Common.php(1134): CodeIgniter\View\View->render('grafik_gender_1', [], true)
 6 APPPATH\Controllers\Grafik_gender_1.php(15): view('grafik_gender_1', [...])
 7 SYSTEMPATH\CodeIgniter.php(927): App\Controllers\Grafik_gender_1->index()
 8 SYSTEMPATH\CodeIgniter.php(482): CodeIgniter\CodeIgniter->runController(Object(App\Controllers\Grafik_gender_1))
 9 SYSTEMPATH\CodeIgniter.php(351): CodeIgniter\CodeIgniter->handleRequest(null, Object(Config\Cache), false)
10 FCPATH\index.php(67): CodeIgniter\CodeIgniter->run()
CRITICAL - 2023-01-03 07:23:53 --> include(connection.php): failed to open stream: No such file or directory
in APPPATH\Views\grafik_gender_1.php on line 35.
 1 APPPATH\Views\grafik_gender_1.php(35): CodeIgniter\Debug\Exceptions->errorHandler(2, 'include(connection.php): failed to open stream: No such file or directory', 'APPPATH\\Views\\grafik_gender_1.php', 35, [...])
 2 APPPATH\Views\grafik_gender_1.php(35): include()
 3 SYSTEMPATH\View\View.php(213): include('APPPATH\\Views\\grafik_gender_1.php')
 4 SYSTEMPATH\View\View.php(216): CodeIgniter\View\View->CodeIgniter\View\{closure}()
 5 SYSTEMPATH\Common.php(1134): CodeIgniter\View\View->render('grafik_gender_1', [], true)
 6 APPPATH\Controllers\Grafik_gender_1.php(15): view('grafik_gender_1', [...])
 7 SYSTEMPATH\CodeIgniter.php(927): App\Controllers\Grafik_gender_1->index()
 8 SYSTEMPATH\CodeIgniter.php(482): CodeIgniter\CodeIgniter->runController(Object(App\Controllers\Grafik_gender_1))
 9 SYSTEMPATH\CodeIgniter.php(351): CodeIgniter\CodeIgniter->handleRequest(null, Object(Config\Cache), false)
10 FCPATH\index.php(67): CodeIgniter\CodeIgniter->run()
CRITICAL - 2023-01-03 07:24:01 --> include(connection.php): failed to open stream: No such file or directory
in APPPATH\Views\grafik_gender_1.php on line 35.
 1 APPPATH\Views\grafik_gender_1.php(35): CodeIgniter\Debug\Exceptions->errorHandler(2, 'include(connection.php): failed to open stream: No such file or directory', 'APPPATH\\Views\\grafik_gender_1.php', 35, [...])
 2 APPPATH\Views\grafik_gender_1.php(35): include()
 3 SYSTEMPATH\View\View.php(213): include('APPPATH\\Views\\grafik_gender_1.php')
 4 SYSTEMPATH\View\View.php(216): CodeIgniter\View\View->CodeIgniter\View\{closure}()
 5 SYSTEMPATH\Common.php(1134): CodeIgniter\View\View->render('grafik_gender_1', [], true)
 6 APPPATH\Controllers\Grafik_gender_1.php(15): view('grafik_gender_1', [...])
 7 SYSTEMPATH\CodeIgniter.php(927): App\Controllers\Grafik_gender_1->index()
 8 SYSTEMPATH\CodeIgniter.php(482): CodeIgniter\CodeIgniter->runController(Object(App\Controllers\Grafik_gender_1))
 9 SYSTEMPATH\CodeIgniter.php(351): CodeIgniter\CodeIgniter->handleRequest(null, Object(Config\Cache), false)
10 FCPATH\index.php(67): CodeIgniter\CodeIgniter->run()
CRITICAL - 2023-01-03 07:24:37 --> include(connection.php): failed to open stream: No such file or directory
in APPPATH\Views\grafik_gender_1.php on line 35.
 1 APPPATH\Views\grafik_gender_1.php(35): CodeIgniter\Debug\Exceptions->errorHandler(2, 'include(connection.php): failed to open stream: No such file or directory', 'APPPATH\\Views\\grafik_gender_1.php', 35, [...])
 2 APPPATH\Views\grafik_gender_1.php(35): include()
 3 SYSTEMPATH\View\View.php(213): include('APPPATH\\Views\\grafik_gender_1.php')
 4 SYSTEMPATH\View\View.php(216): CodeIgniter\View\View->CodeIgniter\View\{closure}()
 5 SYSTEMPATH\Common.php(1134): CodeIgniter\View\View->render('grafik_gender_1', [], true)
 6 APPPATH\Controllers\Grafik_gender_1.php(15): view('grafik_gender_1', [...])
 7 SYSTEMPATH\CodeIgniter.php(927): App\Controllers\Grafik_gender_1->index()
 8 SYSTEMPATH\CodeIgniter.php(482): CodeIgniter\CodeIgniter->runController(Object(App\Controllers\Grafik_gender_1))
 9 SYSTEMPATH\CodeIgniter.php(351): CodeIgniter\CodeIgniter->handleRequest(null, Object(Config\Cache), false)
10 FCPATH\index.php(67): CodeIgniter\CodeIgniter->run()
CRITICAL - 2023-01-03 07:24:39 --> include(connection.php): failed to open stream: No such file or directory
in APPPATH\Views\grafik_gender_1.php on line 35.
 1 APPPATH\Views\grafik_gender_1.php(35): CodeIgniter\Debug\Exceptions->errorHandler(2, 'include(connection.php): failed to open stream: No such file or directory', 'APPPATH\\Views\\grafik_gender_1.php', 35, [...])
 2 APPPATH\Views\grafik_gender_1.php(35): include()
 3 SYSTEMPATH\View\View.php(213): include('APPPATH\\Views\\grafik_gender_1.php')
 4 SYSTEMPATH\View\View.php(216): CodeIgniter\View\View->CodeIgniter\View\{closure}()
 5 SYSTEMPATH\Common.php(1134): CodeIgniter\View\View->render('grafik_gender_1', [], true)
 6 APPPATH\Controllers\Grafik_gender_1.php(15): view('grafik_gender_1', [...])
 7 SYSTEMPATH\CodeIgniter.php(927): App\Controllers\Grafik_gender_1->index()
 8 SYSTEMPATH\CodeIgniter.php(482): CodeIgniter\CodeIgniter->runController(Object(App\Controllers\Grafik_gender_1))
 9 SYSTEMPATH\CodeIgniter.php(351): CodeIgniter\CodeIgniter->handleRequest(null, Object(Config\Cache), false)
10 FCPATH\index.php(67): CodeIgniter\CodeIgniter->run()
CRITICAL - 2023-01-03 07:24:53 --> include(connection.php): failed to open stream: No such file or directory
in APPPATH\Views\grafik_gender_1.php on line 32.
 1 APPPATH\Views\grafik_gender_1.php(32): CodeIgniter\Debug\Exceptions->errorHandler(2, 'include(connection.php): failed to open stream: No such file or directory', 'APPPATH\\Views\\grafik_gender_1.php', 32, [...])
 2 APPPATH\Views\grafik_gender_1.php(32): include()
 3 SYSTEMPATH\View\View.php(213): include('APPPATH\\Views\\grafik_gender_1.php')
 4 SYSTEMPATH\View\View.php(216): CodeIgniter\View\View->CodeIgniter\View\{closure}()
 5 SYSTEMPATH\Common.php(1134): CodeIgniter\View\View->render('grafik_gender_1', [], true)
 6 APPPATH\Controllers\Grafik_gender_1.php(15): view('grafik_gender_1', [...])
 7 SYSTEMPATH\CodeIgniter.php(927): App\Controllers\Grafik_gender_1->index()
 8 SYSTEMPATH\CodeIgniter.php(482): CodeIgniter\CodeIgniter->runController(Object(App\Controllers\Grafik_gender_1))
 9 SYSTEMPATH\CodeIgniter.php(351): CodeIgniter\CodeIgniter->handleRequest(null, Object(Config\Cache), false)
10 FCPATH\index.php(67): CodeIgniter\CodeIgniter->run()
CRITICAL - 2023-01-03 08:05:11 --> mysqli_query() expects parameter 1 to be mysqli, null given
in APPPATH\Views\grafik_gender_1.php on line 45.
 1 [internal function]: CodeIgniter\Debug\Exceptions->errorHandler(2, 'mysqli_query() expects parameter 1 to be mysqli, null given', 'APPPATH\\Views\\grafik_gender_1.php', 45, [...])
 2 APPPATH\Views\grafik_gender_1.php(45): mysqli_query(null, 'select * from mahasiswa where fakultas=\'teknik\'')
 3 SYSTEMPATH\View\View.php(213): include('APPPATH\\Views\\grafik_gender_1.php')
 4 SYSTEMPATH\View\View.php(216): CodeIgniter\View\View->CodeIgniter\View\{closure}()
 5 SYSTEMPATH\Common.php(1134): CodeIgniter\View\View->render('grafik_gender_1', [], true)
 6 APPPATH\Controllers\Grafik_gender_1.php(15): view('grafik_gender_1', [...])
 7 SYSTEMPATH\CodeIgniter.php(927): App\Controllers\Grafik_gender_1->index()
 8 SYSTEMPATH\CodeIgniter.php(482): CodeIgniter\CodeIgniter->runController(Object(App\Controllers\Grafik_gender_1))
 9 SYSTEMPATH\CodeIgniter.php(351): CodeIgniter\CodeIgniter->handleRequest(null, Object(Config\Cache), false)
10 FCPATH\index.php(67): CodeIgniter\CodeIgniter->run()
CRITICAL - 2023-01-03 08:05:13 --> mysqli_query() expects parameter 1 to be mysqli, null given
in APPPATH\Views\grafik_gender_1.php on line 45.
 1 [internal function]: CodeIgniter\Debug\Exceptions->errorHandler(2, 'mysqli_query() expects parameter 1 to be mysqli, null given', 'APPPATH\\Views\\grafik_gender_1.php', 45, [...])
 2 APPPATH\Views\grafik_gender_1.php(45): mysqli_query(null, 'select * from mahasiswa where fakultas=\'teknik\'')
 3 SYSTEMPATH\View\View.php(213): include('APPPATH\\Views\\grafik_gender_1.php')
 4 SYSTEMPATH\View\View.php(216): CodeIgniter\View\View->CodeIgniter\View\{closure}()
 5 SYSTEMPATH\Common.php(1134): CodeIgniter\View\View->render('grafik_gender_1', [], true)
 6 APPPATH\Controllers\Grafik_gender_1.php(15): view('grafik_gender_1', [...])
 7 SYSTEMPATH\CodeIgniter.php(927): App\Controllers\Grafik_gender_1->index()
 8 SYSTEMPATH\CodeIgniter.php(482): CodeIgniter\CodeIgniter->runController(Object(App\Controllers\Grafik_gender_1))
 9 SYSTEMPATH\CodeIgniter.php(351): CodeIgniter\CodeIgniter->handleRequest(null, Object(Config\Cache), false)
10 FCPATH\index.php(67): CodeIgniter\CodeIgniter->run()
CRITICAL - 2023-01-03 08:05:17 --> mysqli_query() expects parameter 1 to be mysqli, null given
in APPPATH\Views\grafik_gender_1.php on line 45.
 1 [internal function]: CodeIgniter\Debug\Exceptions->errorHandler(2, 'mysqli_query() expects parameter 1 to be mysqli, null given', 'APPPATH\\Views\\grafik_gender_1.php', 45, [...])
 2 APPPATH\Views\grafik_gender_1.php(45): mysqli_query(null, 'select * from mahasiswa where fakultas=\'teknik\'')
 3 SYSTEMPATH\View\View.php(213): include('APPPATH\\Views\\grafik_gender_1.php')
 4 SYSTEMPATH\View\View.php(216): CodeIgniter\View\View->CodeIgniter\View\{closure}()
 5 SYSTEMPATH\Common.php(1134): CodeIgniter\View\View->render('grafik_gender_1', [], true)
 6 APPPATH\Controllers\Grafik_gender_1.php(15): view('grafik_gender_1', [...])
 7 SYSTEMPATH\CodeIgniter.php(927): App\Controllers\Grafik_gender_1->index()
 8 SYSTEMPATH\CodeIgniter.php(482): CodeIgniter\CodeIgniter->runController(Object(App\Controllers\Grafik_gender_1))
 9 SYSTEMPATH\CodeIgniter.php(351): CodeIgniter\CodeIgniter->handleRequest(null, Object(Config\Cache), false)
10 FCPATH\index.php(67): CodeIgniter\CodeIgniter->run()
CRITICAL - 2023-01-03 09:24:44 --> Invalid file: grafik_prodi_1.php
in SYSTEMPATH\Exceptions\FrameworkException.php on line 33.
 1 SYSTEMPATH\View\View.php(201): CodeIgniter\Exceptions\FrameworkException::forInvalidFile('grafik_prodi_1.php')
 2 SYSTEMPATH\Common.php(1134): CodeIgniter\View\View->render('grafik_prodi_1', [], true)
 3 APPPATH\Controllers\Grafik_prodi_1.php(15): view('grafik_prodi_1', [...])
 4 SYSTEMPATH\CodeIgniter.php(927): App\Controllers\Grafik_prodi_1->index()
 5 SYSTEMPATH\CodeIgniter.php(482): CodeIgniter\CodeIgniter->runController(Object(App\Controllers\Grafik_prodi_1))
 6 SYSTEMPATH\CodeIgniter.php(351): CodeIgniter\CodeIgniter->handleRequest(null, Object(Config\Cache), false)
 7 FCPATH\index.php(67): CodeIgniter\CodeIgniter->run()
CRITICAL - 2023-01-03 09:28:07 --> Invalid file: grafik_prodi_1.php
in SYSTEMPATH\Exceptions\FrameworkException.php on line 33.
 1 SYSTEMPATH\View\View.php(201): CodeIgniter\Exceptions\FrameworkException::forInvalidFile('grafik_prodi_1.php')
 2 SYSTEMPATH\Common.php(1134): CodeIgniter\View\View->render('grafik_prodi_1', [], true)
 3 APPPATH\Controllers\Grafik_prodi_1.php(15): view('grafik_prodi_1', [...])
 4 SYSTEMPATH\CodeIgniter.php(927): App\Controllers\Grafik_prodi_1->index()
 5 SYSTEMPATH\CodeIgniter.php(482): CodeIgniter\CodeIgniter->runController(Object(App\Controllers\Grafik_prodi_1))
 6 SYSTEMPATH\CodeIgniter.php(351): CodeIgniter\CodeIgniter->handleRequest(null, Object(Config\Cache), false)
 7 FCPATH\index.php(67): CodeIgniter\CodeIgniter->run()
CRITICAL - 2023-01-03 09:31:12 --> Invalid file: grafik_prodi_1.php
in SYSTEMPATH\Exceptions\FrameworkException.php on line 33.
 1 SYSTEMPATH\View\View.php(201): CodeIgniter\Exceptions\FrameworkException::forInvalidFile('grafik_prodi_1.php')
 2 SYSTEMPATH\Common.php(1134): CodeIgniter\View\View->render('grafik_prodi_1', [], true)
 3 APPPATH\Controllers\Grafik_prodi_1.php(15): view('grafik_prodi_1', [...])
 4 SYSTEMPATH\CodeIgniter.php(927): App\Controllers\Grafik_prodi_1->index()
 5 SYSTEMPATH\CodeIgniter.php(482): CodeIgniter\CodeIgniter->runController(Object(App\Controllers\Grafik_prodi_1))
 6 SYSTEMPATH\CodeIgniter.php(351): CodeIgniter\CodeIgniter->handleRequest(null, Object(Config\Cache), false)
 7 FCPATH\index.php(67): CodeIgniter\CodeIgniter->run()
CRITICAL - 2023-01-03 09:34:55 --> Invalid file: grafik_prodi_1.php
in SYSTEMPATH\Exceptions\FrameworkException.php on line 33.
 1 SYSTEMPATH\View\View.php(201): CodeIgniter\Exceptions\FrameworkException::forInvalidFile('grafik_prodi_1.php')
 2 SYSTEMPATH\Common.php(1134): CodeIgniter\View\View->render('grafik_prodi_1', [], true)
 3 APPPATH\Controllers\Grafik_prodi_1.php(15): view('grafik_prodi_1', [...])
 4 SYSTEMPATH\CodeIgniter.php(927): App\Controllers\Grafik_prodi_1->index()
 5 SYSTEMPATH\CodeIgniter.php(482): CodeIgniter\CodeIgniter->runController(Object(App\Controllers\Grafik_prodi_1))
 6 SYSTEMPATH\CodeIgniter.php(351): CodeIgniter\CodeIgniter->handleRequest(null, Object(Config\Cache), false)
 7 FCPATH\index.php(67): CodeIgniter\CodeIgniter->run()
CRITICAL - 2023-01-03 10:05:23 --> Invalid file: grafik_prodi_1.php
in SYSTEMPATH\Exceptions\FrameworkException.php on line 33.
 1 SYSTEMPATH\View\View.php(201): CodeIgniter\Exceptions\FrameworkException::forInvalidFile('grafik_prodi_1.php')
 2 SYSTEMPATH\Common.php(1134): CodeIgniter\View\View->render('grafik_prodi_1', [], true)
 3 APPPATH\Controllers\Grafik_prodi_1.php(15): view('grafik_prodi_1', [...])
 4 SYSTEMPATH\CodeIgniter.php(927): App\Controllers\Grafik_prodi_1->index()
 5 SYSTEMPATH\CodeIgniter.php(482): CodeIgniter\CodeIgniter->runController(Object(App\Controllers\Grafik_prodi_1))
 6 SYSTEMPATH\CodeIgniter.php(351): CodeIgniter\CodeIgniter->handleRequest(null, Object(Config\Cache), false)
 7 FCPATH\index.php(67): CodeIgniter\CodeIgniter->run()
